0 info it worked if it ends with ok
1 verbose cli [ '/home/sergi/node-v6.7.0-linux-x64/bin/node',
1 verbose cli   '/home/sergi/node-v6.7.0-linux-x64/bin/npm',
1 verbose cli   'run',
1 verbose cli   'lint' ]
2 info using npm@4.1.1
3 info using node@v6.7.0
4 verbose run-script [ 'prelint', 'lint', 'postlint' ]
5 info lifecycle @~prelint: @
6 silly lifecycle @~prelint: no script for prelint, continuing
7 info lifecycle @~lint: @
8 verbose lifecycle @~lint: unsafe-perm in lifecycle true
9 verbose lifecycle @~lint: PATH: /home/sergi/node-v6.7.0-linux-x64/lib/node_modules/npm/bin/node-gyp-bin:/home/sergi/Code/adminlte-laravel-test/node_modules/.bin:/home/sergi/.composer/vendor/bin:/home/sergi/node-v6.7.0-linux-x64/bin:/home/sergi/Code/Laravel/spark-installer:/home/sergi/.linuxbrew/bin:/home/sergi/.nvm/versions/node/v6.9.1/bin:/home/sergi/node-v5.6.0-linux-x64/bin:/home/sergi/android-studio/gradle/gradle-2.4/bin:/home/sergi/npm-global/bin:/usr/local/sbin:/usr/local/bin:/usr/sbin:/usr/bin:/sbin:/bin:/usr/games:/usr/local/games:/home/sergi/.config/composer/vendor/bin:/home/sergi/Android/Sdk/tools:/home/sergi/Android/Sdk/platform-tools:/home/sergi/genymotion:/usr/share/jdk1.8.0_121/bin:/usr/share/jdk1.8.0_121/jre/bin
10 verbose lifecycle @~lint: CWD: /home/sergi/Code/adminlte-laravel-test
11 silly lifecycle @~lint: Args: [ '-c', 'eslint --ext .js,.vue resources/assets/js' ]
12 silly lifecycle @~lint: Returned: code: 1  signal: null
13 info lifecycle @~lint: Failed to exec lint script
14 verbose stack Error: @ lint: `eslint --ext .js,.vue resources/assets/js`
14 verbose stack Exit status 1
14 verbose stack     at EventEmitter.<anonymous> (/home/sergi/node-v6.7.0-linux-x64/lib/node_modules/npm/lib/utils/lifecycle.js:279:16)
14 verbose stack     at emitTwo (events.js:106:13)
14 verbose stack     at EventEmitter.emit (events.js:191:7)
14 verbose stack     at ChildProcess.<anonymous> (/home/sergi/node-v6.7.0-linux-x64/lib/node_modules/npm/lib/utils/spawn.js:40:14)
14 verbose stack     at emitTwo (events.js:106:13)
14 verbose stack     at ChildProcess.emit (events.js:191:7)
14 verbose stack     at maybeClose (internal/child_process.js:877:16)
14 verbose stack     at Process.ChildProcess._handle.onexit (internal/child_process.js:226:5)
15 verbose pkgid @
16 verbose cwd /home/sergi/Code/adminlte-laravel-test
17 error Linux 4.2.0-42-generic
18 error argv "/home/sergi/node-v6.7.0-linux-x64/bin/node" "/home/sergi/node-v6.7.0-linux-x64/bin/npm" "run" "lint"
19 error node v6.7.0
20 error npm  v4.1.1
21 error code ELIFECYCLE
22 error @ lint: `eslint --ext .js,.vue resources/assets/js`
22 error Exit status 1
23 error Failed at the @ lint script 'eslint --ext .js,.vue resources/assets/js'.
23 error Make sure you have the latest version of node.js and npm installed.
23 error If you do, this is most likely a problem with the  package,
23 error not with npm itself.
23 error Tell the author that this fails on your system:
23 error     eslint --ext .js,.vue resources/assets/js
23 error You can get information on how to open an issue for this project with:
23 error     npm bugs
23 error Or if that isn't available, you can get their info via:
23 error     npm owner ls
23 error There is likely additional logging output above.
24 verbose exit [ 1, true ]
